weighted_raccoon_matrix_01.graphml 23 63 2 11.5 31.5 0.36507936507936506
weighted_raccoon_matrix_02.graphml 22 50 2 11.0 25.0 0.44
weighted_raccoon_matrix_03.graphml 23 50 3 7.666666666666667 16.666666666666668 0.46
weighted_raccoon_matrix_04.graphml 24 100 1 24.0 100.0 0.24
weighted_raccoon_matrix_05.graphml 22 67 2 11.0 33.5 0.3283582089552239
weighted_raccoon_matrix_06.graphml 22 75 1 22.0 75.0 0.29333333333333333
weighted_raccoon_matrix_07.graphml 22 82 1 22.0 82.0 0.2682926829268293
weighted_raccoon_matrix_08.graphml 22 61 3 7.333333333333333 20.333333333333332 0.36065573770491804
weighted_raccoon_matrix_09.graphml 21 60 2 10.5 30.0 0.35
weighted_raccoon_matrix_10.graphml 19 50 3 6.333333333333333 16.666666666666668 0.38
weighted_raccoon_matrix_11.graphml 19 46 3 6.333333333333333 15.333333333333334 0.41304347826086957
weighted_raccoon_matrix_12.graphml 19 48 3 6.333333333333333 16.0 0.3958333333333333
weighted_raccoon_matrix_13.graphml 19 57 2 9.5 28.5 0.3333333333333333
weighted_raccoon_matrix_14.graphml 18 59 2 9.0 29.5 0.3050847457627119
weighted_raccoon_matrix_15.graphml 18 49 2 9.0 24.5 0.3673469387755102
weighted_raccoon_matrix_16.graphml 17 42 2 8.5 21.0 0.40476190476190477
weighted_raccoon_matrix_17.graphml 16 30 3 5.333333333333333 10.0 0.5333333333333333
weighted_raccoon_matrix_18.graphml 15 26 3 5.0 8.666666666666666 0.5769230769230769
weighted_raccoon_matrix_19.graphml 17 35 3 5.666666666666667 11.666666666666666 0.4857142857142857
weighted_raccoon_matrix_20.graphml 17 35 3 5.666666666666667 11.666666666666666 0.4857142857142857
weighted_raccoon_matrix_21.graphml 18 22 4 4.5 5.5 0.8181818181818182
weighted_raccoon_matrix_22.graphml 16 33 3 5.333333333333333 11.0 0.48484848484848486
weighted_raccoon_matrix_23.graphml 14 32 2 7.0 16.0 0.4375
weighted_raccoon_matrix_24.graphml 14 41 2 7.0 20.5 0.34146341463414637
weighted_raccoon_matrix_25.graphml 15 36 3 5.0 12.0 0.4166666666666667
weighted_raccoon_matrix_26.graphml 16 42 2 8.0 21.0 0.38095238095238093
weighted_raccoon_matrix_27.graphml 14 27 3 4.666666666666667 9.0 0.5185185185185185
weighted_raccoon_matrix_28.graphml 15 27 3 5.0 9.0 0.5555555555555556
weighted_raccoon_matrix_29.graphml 13 21 3 4.333333333333333 7.0 0.6190476190476191
weighted_raccoon_matrix_30.graphml 8 19 1 8.0 19.0 0.42105263157894735
weighted_raccoon_matrix_31.graphml 10 23 1 10.0 23.0 0.43478260869565216
weighted_raccoon_matrix_32.graphml 13 27 3 4.333333333333333 9.0 0.48148148148148145
weighted_raccoon_matrix_33.graphml 13 39 1 13.0 39.0 0.3333333333333333
weighted_raccoon_matrix_34.graphml 13 26 2 6.5 13.0 0.5
weighted_raccoon_matrix_35.graphml 14 23 3 4.666666666666667 7.666666666666667 0.6086956521739131
weighted_raccoon_matrix_36.graphml 14 25 2 7.0 12.5 0.56
weighted_raccoon_matrix_37.graphml 14 18 2 7.0 9.0 0.7777777777777778
weighted_raccoon_matrix_38.graphml 12 17 3 4.0 5.666666666666667 0.7058823529411765
weighted_raccoon_matrix_39.graphml 15 21 4 3.75 5.25 0.7142857142857143
weighted_raccoon_matrix_40.graphml 16 35 2 8.0 17.5 0.45714285714285713
weighted_raccoon_matrix_41.graphml 18 47 2 9.0 23.5 0.3829787234042553
weighted_raccoon_matrix_42.graphml 17 35 2 8.5 17.5 0.4857142857142857
weighted_raccoon_matrix_43.graphml 16 29 2 8.0 14.5 0.5517241379310345
weighted_raccoon_matrix_44.graphml 12 31 2 6.0 15.5 0.3870967741935484
weighted_raccoon_matrix_45.graphml 13 25 3 4.333333333333333 8.333333333333334 0.52
weighted_raccoon_matrix_46.graphml 12 23 2 6.0 11.5 0.5217391304347826
weighted_raccoon_matrix_47.graphml 13 24 2 6.5 12.0 0.5416666666666666
weighted_raccoon_matrix_48.graphml 14 23 2 7.0 11.5 0.6086956521739131
weighted_raccoon_matrix_49.graphml 11 22 2 5.5 11.0 0.5
weighted_raccoon_matrix_50.graphml 16 33 2 8.0 16.5 0.48484848484848486
weighted_raccoon_matrix_51.graphml 15 34 2 7.5 17.0 0.4411764705882353
weighted_raccoon_matrix_52.graphml 16 32 2 8.0 16.0 0.5
